<?xml version="1.0" encoding="UTF-8"?>
<!-- Generated by org.testng.reporters.JUnitReportReporter -->
<testsuite hostname="LTIN385503" failures="0" tests="1" name="tests.PutUser" time="1.261" errors="0" timestamp="2023-05-18T11:07:21 IST" skipped="0">
  <testcase classname="tests.PutUser" name="testPut" time="1.261"/>
  <system-out/>
</testsuite> <!-- tests.PutUser -->
