<?xml version="1.0" encoding="UTF-8"?>
<!-- Generated by org.testng.reporters.JUnitReportReporter -->
<testsuite hostname="LTIN385503" failures="0" tests="3" name="tests.PutPatchDeleteEx" time="3.148" errors="0" timestamp="2023-05-17T17:39:31 IST" skipped="0">
  <testcase classname="tests.PutPatchDeleteEx" name="testPatch" time="0.497"/>
  <system-out/>
  <testcase classname="tests.PutPatchDeleteEx" name="testDelete" time="2.284"/>
  <system-out/>
  <testcase classname="tests.PutPatchDeleteEx" name="testPut" time="0.367"/>
  <system-out/>
</testsuite> <!-- tests.PutPatchDeleteEx -->
