<?xml version="1.0" encoding="UTF-8"?>
<!-- Generated by org.testng.reporters.JUnitReportReporter -->
<testsuite hostname="LTIN385503" failures="0" tests="2" name="tests.TestExamples" time="2.638" errors="0" timestamp="2023-05-17T13:58:59 IST" skipped="0">
  <testcase classname="tests.TestExamples" name="test_2" time="0.745"/>
  <system-out/>
  <testcase classname="tests.TestExamples" name="test_1" time="1.893"/>
  <system-out/>
</testsuite> <!-- tests.TestExamples -->
